
	            G L O B A L   R E F E R E N C E S

	             Name               Value        Type
	==============================|=======|===============
	pass0                            8000           STRING
	pass1                            8004           STRING
	pass2                            8008           STRING
	pass3                            800C           STRING
	frase10                          8010           STRING
	frase20                          8027           STRING
	frase21                          8046           STRING
	frase22                          8066           STRING
	frase23                          8090           STRING
	frase24                          80CD           STRING
	frase30                          8109           STRING
	frase40                          812A           STRING
	frase50                          813C           STRING
	frase60                          814F           STRING
	size                             0004         CONSTANT
	maxj                             000C         CONSTANT
	pass                             815A            TABLE
	ans                              815E            TABLE
	stat                             8162            TABLE
	charo                            8166         VARIABLE
	charx                            8167         VARIABLE
	msp                              FDFF         CONSTANT
	end                              0005            LABEL
	start                            0006            LABEL
	passGen                          002C            LABEL
	play                             002E            LABEL
	verfMemo                         0030            LABEL
	verfOkeiO                        0033            LABEL
	verfOkeiX                        0039            LABEL
	verfSet                          003F            LABEL
	verficar                         004A            LABEL
	verfMid1                         0054            LABEL
	verficar2                        0060            LABEL
	verfMid2                         0065            LABEL
	verfMid2a                        006C            LABEL
	verfMid2ar                       0077            LABEL
	verfEnd                          0078            LABEL
	reposta                          0080            LABEL
	endgame                          0082            LABEL
	game                             0084            LABEL
