
	            G L O B A L   R E F E R E N C E S

	             Name               Value        Type
	==============================|=======|===============
	size                             0004         CONSTANT
	maxj                             000C         CONSTANT
	msp                              FDFF         CONSTANT
	lmt                              0024         CONSTANT
	IO                               FFFE         CONSTANT
	NL                               000A         CONSTANT
	tempTime                         FFF6         CONSTANT
	tempStart                        FFF7         CONSTANT
	charx                            8000         VARIABLE
	pass                             8001            TABLE
	ans                              8005            TABLE
	stat                             8009            TABLE
	roll                             800D            TABLE
	charo                            800E         VARIABLE
	random1                          800F           STRING
	random2                          8015           STRING
	random3                          801B           STRING
	pass0                            8021           STRING
	pass1                            8025           STRING
	pass2                            8029           STRING
	pass3                            802D           STRING
	frase10                          8031           STRING
	frase20                          8049           STRING
	frase21                          807A           STRING
	frase22                          809B           STRING
	frase23                          80C6           STRING
	frase24                          8104           STRING
	frase25                          8141           STRING
	frase30                          816F           STRING
	frase31                          8191           STRING
	frase32                          819F           STRING
	frase33                          81D7           STRING
	frase40                          8203           STRING
	frase50                          8216           STRING
	frase51                          822A           STRING
	frase52                          823C           STRING
	frase60                          824E           STRING
	frase61                          825A           STRING
	start                            0009            LABEL
	play                             0035            LABEL
	win                              0068            LABEL
	lost                             0070            LABEL
	end                              0078            LABEL
	verfMemo                         0079            LABEL
	verfOkeiO                        007C            LABEL
	verfOkeiX                        0082            LABEL
	verfSet                          0088            LABEL
	verficar                         0093            LABEL
	verfMid1                         009C            LABEL
	verficar2                        00A8            LABEL
	verfMid2                         00AC            LABEL
	verfMid2a                        00B3            LABEL
	verfMid2b                        00B9            LABEL
	verfMid2ar                       00C6            LABEL
	verfEnd                          00C7            LABEL
	reposta                          00CF            LABEL
	endgame                          00D1            LABEL
	game                             00D3            LABEL
	print                            00D5            LABEL
	printer                          00DA            LABEL
	printjmp                         00E3            LABEL
	printEnd                         00E6            LABEL
	newl                             00E9            LABEL
	random                           00F0            LABEL
	randomEnd                        0104            LABEL
	delay                            010C            LABEL
	delayLp                          0115            LABEL
	input                            011A            LABEL
	inputEnd                         012D            LABEL
	printGame                        0133            LABEL
	pGameL                           016F            LABEL
	pGameLA                          0177            LABEL
	pGameLA2                         017A            LABEL
	pGameEnd                         0183            LABEL
	winCond                          018D            LABEL
	winCondEnd                       01A5            LABEL
